commit eac651fb328063e11c64441f071f66853524d708
Author: Kader Bouyakoub <bkader@mail.com>
Date:   Wed Mar 1 20:55:58 2017 +0100

    Removing hooks folder

commit c35eb1094bdbaa5672a6e9c148e268eaf258b4fe
Author: Kader Bouyakoub <bkader@mail.com>
Date:   Wed Mar 1 20:54:13 2017 +0100

    Removing all files

commit 2e906e8851e68798c7c03845b4602b2d3f15f0c6
Author: Kader Bouyakoub <bkader@mail.com>
Date:   Wed Mar 1 20:51:29 2017 +0100

    Adding the .gitignore

commit 4da10d810849e9f2e47f156ebc78d4339b932b8a
Author: Kader Bouyakoub <bkader@mail.com>
Date:   Wed Mar 1 20:50:18 2017 +0100

    Add all to fix content folder issue

commit 7c2a3c864f519715ee013a272d28a7c6eb9626fd
Author: Kader Bouyakoub <bkader@mail.com>
Date:   Wed Mar 1 20:48:33 2017 +0100

    rm all

commit f8025f90a867328bc8373e8be375964e1b2debb2
Author: Kader Bouyakoub <bkader@mail.com>
Date:   Wed Mar 1 20:33:22 2017 +0100

    Removing content folder from gitignore - it drives me crazy

commit 247d01a27e9989f6e222f1d742c49a111db207dc
Author: Kader Bouyakoub <bkader@mail.com>
Date:   Wed Mar 1 20:31:35 2017 +0100

    .3

commit a6dfcc80df25ed6672198851404a9068b84ffa55
Author: Kader Bouyakoub <bkader@mail.com>
Date:   Wed Mar 1 20:29:13 2017 +0100

    Fixing .gitignore that removed common folder

commit 012539cea3b31d426d6604a4b2f6c57f103e5087
Author: Kader Bouyakoub <bkader@mail.com>
Date:   Wed Mar 1 20:27:22 2017 +0100

    Fixing .gitignore that removed common folder

commit 9ad9c6f157103cafeccea957263a9060b44fece0
Author: Kader Bouyakoub <bkader@mail.com>
Date:   Wed Mar 1 20:24:35 2017 +0100

    No more php served assets

commit ea163fdd1a3740325a445c4f96962f1150cb9b68
Author: Kader Bouyakoub <bkader@mail.com>
Date:   Wed Mar 1 14:42:44 2017 +0100

    fixing title separator

commit 45d03d321bc1ffb7c72ec4fba5a68cb6f021552b
Author: Kader Bouyakoub <bkader@mail.com>
Date:   Wed Mar 1 14:35:56 2017 +0100

    Minor changes and enhancements

commit 77ba33b049596eca57481f2913d08ef6c703903b
Author: Kader Bouyakoub <bkader@mail.com>
Date:   Wed Mar 1 13:41:46 2017 +0100

    Adding more method and enhancing the code a bit

commit 8b0ce75de43a5f25be4fc9de9edc088d5d42d74d
Author: Kader Bouyakoub <bkader@mail.com>
Date:   Wed Mar 1 13:40:34 2017 +0100

    Adding more method and enhancing the code a bit

commit 0a0488336da7c0792fed5dd8a53cb4a09ef3ff46
Author: Kader Bouyakoub <bkader@mail.com>
Date:   Wed Mar 1 12:35:30 2017 +0100

    Correcting typo: line 41 .phph to .php

commit 541f5e2710399fe16a2d2b795aa528db8beed743
Author: Kader Bouyakoub <bkader@mail.com>
Date:   Wed Mar 1 12:32:29 2017 +0100

    Correcting some typos and missing $found variable

commit dc81fe3e77171d5ca0cfec92537ef903da83b084
Author: Kader Bouyakoub <bkader@mail.com>
Date:   Mon Feb 6 17:31:13 2017 +0100

    Adding error message if a view, partial view, layout or template file are not found

commit f956ecdde8c6aa9fbaa13d9e43ca0d1faee55eea
Author: Kader Bouyakoub <bkader@mail.com>
Date:   Sun Jan 29 16:32:00 2017 +0100

    Adding a forgotten 'module' at line 798

commit 074cf78a2cbdd97025481438ef71dbe6eb6424c1
Author: Kader Bouyakoub <bkader@mail.com>
Date:   Sat Jan 28 17:07:15 2017 +0100

    Removing the index.php

commit 2d9cb818edad05b9e311500afe821a0f7fcf04bb
Author: Kader Bouyakoub <bkader@mail.com>
Date:   Sat Jan 28 17:06:14 2017 +0100

    Removing the index.php

commit 9b04797b40706c65a5002101dfee743810a808b0
Author: Kader Bouyakoub <bkader@mail.com>
Date:   Sat Jan 28 17:05:13 2017 +0100

    Removing the index.php

commit 4be31d1dd2838251c77db7da7b8f0e1c921549d5
Author: Kader Bouyakoub <bkader@mail.com>
Date:   Sat Jan 28 16:53:28 2017 +0100

    Correcting .gitignore

commit 4cc72235ed7ce941ca6f5cc15dbcd9f0c234a871
Author: Kader Bouyakoub <bkader@mail.com>
Date:   Sat Jan 28 16:51:33 2017 +0100

    Correcting .gitignore

commit b39b1467504c0b18a04d0cbcd3639923eaefe88f
Author: Kader Bouyakoub <bkader@mail.com>
Date:   Sat Jan 28 16:48:35 2017 +0100

    Correcting .gitignore

commit fa1f0f2cfbd8b535d58737adc23dd66a9e6724fe
Author: Kader Bouyakoub <bkader@mail.com>
Date:   Sat Jan 28 16:46:39 2017 +0100

    First commit
